<?xml version="1.0" encoding="UTF-8"?>
<!DOCTYPE coverage SYSTEM "http://cobertura.sourceforge.net/xml/coverage-04.dtd">
<coverage line-rate="0.7866667" branch-rate="0" version="" timestamp="1640351743124" lines-covered="59" lines-valid="75" branches-covered="0" branches-valid="0" complexity="0">
  <sources>
    <source>/workspaces/geheim</source>
  </sources>
  <packages>
    <package name="treuzedev/geheim/config" line-rate="0.7866667" branch-rate="0" complexity="0">
      <classes>
        <class name="-" filename="config/main.go" line-rate="0.75" branch-rate="0" complexity="0">
          <methods>
            <method name="Get" signature="" line-rate="1" branch-rate="0" complexity="0">
              <lines>
                <line number="15" hits="1"></line>
                <line number="16" hits="1"></line>
                <line number="17" hits="1"></line>
                <line number="18" hits="1"></line>
                <line number="19" hits="1"></line>
                <line number="20" hits="1"></line>
              </lines>
            </method>
            <method name="init" signature="" line-rate="1" branch-rate="0" complexity="0">
              <lines>
                <line number="22" hits="1"></line>
                <line number="23" hits="1"></line>
                <line number="24" hits="1"></line>
                <line number="25" hits="1"></line>
                <line number="26" hits="1"></line>
                <line number="27" hits="1"></line>
              </lines>
            </method>
            <method name="parseCliFlags" signature="" line-rate="1" branch-rate="0" complexity="0">
              <lines>
                <line number="29" hits="1"></line>
                <line number="30" hits="1"></line>
                <line number="31" hits="1"></line>
                <line number="32" hits="1"></line>
                <line number="33" hits="1"></line>
              </lines>
            </method>
            <method name="parseFlag" signature="" line-rate="0.7" branch-rate="0" complexity="0">
              <lines>
                <line number="35" hits="1"></line>
                <line number="36" hits="1"></line>
                <line number="37" hits="1"></line>
                <line number="38" hits="1"></line>
                <line number="39" hits="1"></line>
                <line number="40" hits="0"></line>
                <line number="41" hits="0"></line>
                <line number="42" hits="0"></line>
                <line number="43" hits="1"></line>
                <line number="44" hits="1"></line>
              </lines>
            </method>
            <method name="readConfig" signature="" line-rate="1" branch-rate="0" complexity="0">
              <lines>
                <line number="47" hits="1"></line>
                <line number="48" hits="1"></line>
                <line number="49" hits="1"></line>
                <line number="50" hits="1"></line>
              </lines>
            </method>
            <method name="getConfigLocation" signature="" line-rate="0.41666666" branch-rate="0" complexity="0">
              <lines>
                <line number="52" hits="1"></line>
                <line number="53" hits="1"></line>
                <line number="54" hits="1"></line>
                <line number="55" hits="1"></line>
                <line number="56" hits="1"></line>
                <line number="57" hits="0"></line>
                <line number="58" hits="0"></line>
                <line number="59" hits="0"></line>
                <line number="60" hits="0"></line>
                <line number="61" hits="0"></line>
                <line number="62" hits="0"></line>
                <line number="63" hits="0"></line>
              </lines>
            </method>
            <method name="readYaml" signature="" line-rate="1" branch-rate="0" complexity="0">
              <lines>
                <line number="66" hits="1"></line>
                <line number="67" hits="1"></line>
                <line number="68" hits="1"></line>
                <line number="69" hits="1"></line>
                <line number="70" hits="1"></line>
                <line number="71" hits="1"></line>
                <line number="72" hits="1"></line>
                <line number="73" hits="1"></line>
              </lines>
            </method>
            <method name="mergeCliAndConfig" signature="" line-rate="0.4" branch-rate="0" complexity="0">
              <lines>
                <line number="75" hits="1"></line>
                <line number="76" hits="0"></line>
                <line number="77" hits="0"></line>
                <line number="78" hits="0"></line>
                <line number="79" hits="1"></line>
              </lines>
            </method>
            <method name="checkConfigAndApplyDefaults" signature="" line-rate="0.625" branch-rate="0" complexity="0">
              <lines>
                <line number="82" hits="1"></line>
                <line number="83" hits="0"></line>
                <line number="84" hits="0"></line>
                <line number="85" hits="0"></line>
                <line number="86" hits="1"></line>
                <line number="87" hits="1"></line>
                <line number="88" hits="1"></line>
                <line number="89" hits="1"></line>
              </lines>
            </method>
          </methods>
          <lines>
            <line number="15" hits="1"></line>
            <line number="16" hits="1"></line>
            <line number="17" hits="1"></line>
            <line number="18" hits="1"></line>
            <line number="19" hits="1"></line>
            <line number="20" hits="1"></line>
            <line number="22" hits="1"></line>
            <line number="23" hits="1"></line>
            <line number="24" hits="1"></line>
            <line number="25" hits="1"></line>
            <line number="26" hits="1"></line>
            <line number="27" hits="1"></line>
            <line number="29" hits="1"></line>
            <line number="30" hits="1"></line>
            <line number="31" hits="1"></line>
            <line number="32" hits="1"></line>
            <line number="33" hits="1"></line>
            <line number="35" hits="1"></line>
            <line number="36" hits="1"></line>
            <line number="37" hits="1"></line>
            <line number="38" hits="1"></line>
            <line number="39" hits="1"></line>
            <line number="40" hits="0"></line>
            <line number="41" hits="0"></line>
            <line number="42" hits="0"></line>
            <line number="43" hits="1"></line>
            <line number="44" hits="1"></line>
            <line number="47" hits="1"></line>
            <line number="48" hits="1"></line>
            <line number="49" hits="1"></line>
            <line number="50" hits="1"></line>
            <line number="52" hits="1"></line>
            <line number="53" hits="1"></line>
            <line number="54" hits="1"></line>
            <line number="55" hits="1"></line>
            <line number="56" hits="1"></line>
            <line number="57" hits="0"></line>
            <line number="58" hits="0"></line>
            <line number="59" hits="0"></line>
            <line number="60" hits="0"></line>
            <line number="61" hits="0"></line>
            <line number="62" hits="0"></line>
            <line number="63" hits="0"></line>
            <line number="66" hits="1"></line>
            <line number="67" hits="1"></line>
            <line number="68" hits="1"></line>
            <line number="69" hits="1"></line>
            <line number="70" hits="1"></line>
            <line number="71" hits="1"></line>
            <line number="72" hits="1"></line>
            <line number="73" hits="1"></line>
            <line number="75" hits="1"></line>
            <line number="76" hits="0"></line>
            <line number="77" hits="0"></line>
            <line number="78" hits="0"></line>
            <line number="79" hits="1"></line>
            <line number="82" hits="1"></line>
            <line number="83" hits="0"></line>
            <line number="84" hits="0"></line>
            <line number="85" hits="0"></line>
            <line number="86" hits="1"></line>
            <line number="87" hits="1"></line>
            <line number="88" hits="1"></line>
            <line number="89" hits="1"></line>
          </lines>
        </class>
        <class name="Config" filename="config/types.go" line-rate="1" branch-rate="0" complexity="0">
          <methods>
            <method name="Parse" signature="" line-rate="1" branch-rate="0" complexity="0">
              <lines>
                <line number="15" hits="1"></line>
                <line number="16" hits="1"></line>
                <line number="17" hits="1"></line>
              </lines>
            </method>
          </methods>
          <lines>
            <line number="15" hits="1"></line>
            <line number="16" hits="1"></line>
            <line number="17" hits="1"></line>
          </lines>
        </class>
        <class name="-" filename="config/types.go" line-rate="1" branch-rate="0" complexity="0">
          <methods>
            <method name="compareConfigs" signature="" line-rate="1" branch-rate="0" complexity="0">
              <lines>
                <line number="19" hits="7"></line>
                <line number="20" hits="7"></line>
                <line number="21" hits="2"></line>
                <line number="22" hits="2"></line>
                <line number="23" hits="3"></line>
                <line number="24" hits="3"></line>
                <line number="25" hits="2"></line>
                <line number="26" hits="2"></line>
              </lines>
            </method>
          </methods>
          <lines>
            <line number="19" hits="7"></line>
            <line number="20" hits="7"></line>
            <line number="21" hits="2"></line>
            <line number="22" hits="2"></line>
            <line number="23" hits="3"></line>
            <line number="24" hits="3"></line>
            <line number="25" hits="2"></line>
            <line number="26" hits="2"></line>
          </lines>
        </class>
      </classes>
    </package>
  </packages>
</coverage>
